2025-04-16 06:44:22,357 - multi_webcam_stream - INFO - Starting multi-camera streaming application
2025-04-16 06:44:22,357 - multi_webcam_stream - ERROR - Application error: Blocks.queue() got an unexpected keyword argument 'concurrency_count'
2025-04-16 06:44:22,357 - multi_webcam_stream - INFO - Cleaning up resources
2025-04-16 06:44:23,378 - httpx - INFO - HTTP Request: GET https://api.gradio.app/pkg-version "HTTP/1.1 200 OK"
2025-04-16 06:44:51,928 - multi_webcam_stream - INFO - Starting multi-camera streaming application
2025-04-16 06:44:52,067 - httpx - INFO - HTTP Request: GET http://127.0.0.1:7860/gradio_api/startup-events "HTTP/1.1 200 OK"
2025-04-16 06:44:52,077 - httpx - INFO - HTTP Request: HEAD http://127.0.0.1:7860/ "HTTP/1.1 200 OK"
2025-04-16 06:44:52,765 - httpx - INFO - HTTP Request: GET https://api.gradio.app/pkg-version "HTTP/1.1 200 OK"
2025-04-16 06:44:53,176 - httpx - INFO - HTTP Request: GET https://api.gradio.app/v3/tunnel-request "HTTP/1.1 200 OK"
2025-04-16 06:45:00,408 - multi_webcam_stream - INFO - Initializing camera manager
2025-04-16 06:45:00,537 - multi_webcam_stream - INFO - Successfully initialized camera 0
2025-04-16 06:45:00,537 - multi_webcam_stream - WARNING - Could not open camera 1
2025-04-16 06:45:00,538 - multi_webcam_stream - WARNING - Could not open camera 2
2025-04-16 06:45:00,538 - multi_webcam_stream - WARNING - Could not open camera 3
2025-04-16 06:45:00,538 - multi_webcam_stream - INFO - Started 4 camera capture threads
2025-04-16 06:45:00,538 - multi_webcam_stream - WARNING - Could not open camera 1
2025-04-16 06:45:00,538 - multi_webcam_stream - INFO - Starting webcam grid generator
2025-04-16 06:45:00,539 - multi_webcam_stream - WARNING - Could not open camera 3
2025-04-16 06:45:00,539 - multi_webcam_stream - WARNING - Could not open camera 2
2025-04-16 06:45:01,540 - multi_webcam_stream - WARNING - Could not open camera 2
2025-04-16 06:45:01,540 - multi_webcam_stream - WARNING - Could not open camera 1
2025-04-16 06:45:01,540 - multi_webcam_stream - WARNING - Could not open camera 3
2025-04-16 06:45:02,541 - multi_webcam_stream - WARNING - Could not open camera 2
2025-04-16 06:45:02,541 - multi_webcam_stream - WARNING - Could not open camera 1
2025-04-16 06:45:02,541 - multi_webcam_stream - WARNING - Could not open camera 3
2025-04-16 06:45:03,542 - multi_webcam_stream - WARNING - Could not open camera 2
2025-04-16 06:45:03,542 - multi_webcam_stream - WARNING - Could not open camera 1
2025-04-16 06:45:03,542 - multi_webcam_stream - WARNING - Could not open camera 3
2025-04-16 06:45:04,543 - multi_webcam_stream - WARNING - Could not open camera 2
2025-04-16 06:45:04,543 - multi_webcam_stream - WARNING - Could not open camera 1
2025-04-16 06:45:04,543 - multi_webcam_stream - WARNING - Could not open camera 3
2025-04-16 06:45:05,544 - multi_webcam_stream - WARNING - Could not open camera 2
2025-04-16 06:45:05,544 - multi_webcam_stream - WARNING - Could not open camera 1
2025-04-16 06:45:05,544 - multi_webcam_stream - WARNING - Could not open camera 3
2025-04-16 06:45:06,545 - multi_webcam_stream - WARNING - Could not open camera 2
2025-04-16 06:45:06,545 - multi_webcam_stream - WARNING - Could not open camera 3
2025-04-16 06:45:06,545 - multi_webcam_stream - WARNING - Could not open camera 1
2025-04-16 06:45:07,546 - multi_webcam_stream - WARNING - Could not open camera 2
2025-04-16 06:45:07,546 - multi_webcam_stream - WARNING - Could not open camera 3
2025-04-16 06:45:07,546 - multi_webcam_stream - WARNING - Could not open camera 1
2025-04-16 06:45:08,546 - multi_webcam_stream - WARNING - Could not open camera 2
2025-04-16 06:45:08,546 - multi_webcam_stream - WARNING - Could not open camera 3
2025-04-16 06:45:08,547 - multi_webcam_stream - WARNING - Could not open camera 1
2025-04-16 06:45:09,547 - multi_webcam_stream - WARNING - Could not open camera 2
2025-04-16 06:45:09,547 - multi_webcam_stream - WARNING - Could not open camera 3
2025-04-16 06:45:09,547 - multi_webcam_stream - WARNING - Could not open camera 1
2025-04-16 06:45:10,548 - multi_webcam_stream - WARNING - Could not open camera 1
2025-04-16 06:45:10,548 - multi_webcam_stream - WARNING - Could not open camera 3
2025-04-16 06:45:10,548 - multi_webcam_stream - WARNING - Could not open camera 2
2025-04-16 06:45:11,552 - multi_webcam_stream - WARNING - Could not open camera 1
2025-04-16 06:45:11,552 - multi_webcam_stream - WARNING - Could not open camera 3
2025-04-16 06:45:11,552 - multi_webcam_stream - WARNING - Could not open camera 2
2025-04-16 06:45:12,553 - multi_webcam_stream - WARNING - Could not open camera 2
2025-04-16 06:45:12,553 - multi_webcam_stream - WARNING - Could not open camera 3
2025-04-16 06:45:12,553 - multi_webcam_stream - WARNING - Could not open camera 1
2025-04-16 06:45:13,553 - multi_webcam_stream - WARNING - Could not open camera 2
2025-04-16 06:45:13,553 - multi_webcam_stream - WARNING - Could not open camera 3
2025-04-16 06:45:13,553 - multi_webcam_stream - WARNING - Could not open camera 1
2025-04-16 06:45:14,554 - multi_webcam_stream - WARNING - Could not open camera 1
2025-04-16 06:45:14,554 - multi_webcam_stream - WARNING - Could not open camera 2
2025-04-16 06:45:14,555 - multi_webcam_stream - WARNING - Could not open camera 3
2025-04-16 06:45:15,555 - multi_webcam_stream - WARNING - Could not open camera 1
2025-04-16 06:45:15,555 - multi_webcam_stream - WARNING - Could not open camera 3
2025-04-16 06:45:15,555 - multi_webcam_stream - WARNING - Could not open camera 2
2025-04-16 06:45:16,556 - multi_webcam_stream - WARNING - Could not open camera 1
2025-04-16 06:45:16,556 - multi_webcam_stream - WARNING - Could not open camera 3
2025-04-16 06:45:16,556 - multi_webcam_stream - WARNING - Could not open camera 2
2025-04-16 06:45:17,557 - multi_webcam_stream - WARNING - Could not open camera 1
2025-04-16 06:45:17,557 - multi_webcam_stream - WARNING - Could not open camera 3
2025-04-16 06:45:17,557 - multi_webcam_stream - WARNING - Could not open camera 2
2025-04-16 06:45:18,558 - multi_webcam_stream - WARNING - Could not open camera 3
2025-04-16 06:45:18,558 - multi_webcam_stream - WARNING - Could not open camera 2
2025-04-16 06:45:18,558 - multi_webcam_stream - WARNING - Could not open camera 1
2025-04-16 06:45:19,558 - multi_webcam_stream - WARNING - Could not open camera 3
2025-04-16 06:45:19,558 - multi_webcam_stream - WARNING - Could not open camera 1
2025-04-16 06:45:19,558 - multi_webcam_stream - WARNING - Could not open camera 2
2025-04-16 06:45:20,559 - multi_webcam_stream - WARNING - Could not open camera 3
2025-04-16 06:45:20,559 - multi_webcam_stream - WARNING - Could not open camera 2
2025-04-16 06:45:20,559 - multi_webcam_stream - WARNING - Could not open camera 1
2025-04-16 06:45:21,560 - multi_webcam_stream - WARNING - Could not open camera 3
2025-04-16 06:45:21,560 - multi_webcam_stream - WARNING - Could not open camera 2
2025-04-16 06:45:21,560 - multi_webcam_stream - WARNING - Could not open camera 1
2025-04-16 06:45:22,561 - multi_webcam_stream - WARNING - Could not open camera 2
2025-04-16 06:45:22,561 - multi_webcam_stream - WARNING - Could not open camera 1
2025-04-16 06:45:22,561 - multi_webcam_stream - WARNING - Could not open camera 3
2025-04-16 06:45:23,562 - multi_webcam_stream - WARNING - Could not open camera 3
2025-04-16 06:45:23,562 - multi_webcam_stream - WARNING - Could not open camera 2
2025-04-16 06:45:23,562 - multi_webcam_stream - WARNING - Could not open camera 1
2025-04-16 06:45:24,563 - multi_webcam_stream - WARNING - Could not open camera 2
2025-04-16 06:45:24,563 - multi_webcam_stream - WARNING - Could not open camera 3
2025-04-16 06:45:24,563 - multi_webcam_stream - WARNING - Could not open camera 1
2025-04-16 06:45:25,563 - multi_webcam_stream - WARNING - Could not open camera 2
2025-04-16 06:45:25,564 - multi_webcam_stream - WARNING - Could not open camera 3
2025-04-16 06:45:25,564 - multi_webcam_stream - WARNING - Could not open camera 1
2025-04-16 06:45:26,564 - multi_webcam_stream - WARNING - Could not open camera 1
2025-04-16 06:45:26,564 - multi_webcam_stream - WARNING - Could not open camera 2
2025-04-16 06:45:26,564 - multi_webcam_stream - WARNING - Could not open camera 3
2025-04-16 06:45:27,565 - multi_webcam_stream - WARNING - Could not open camera 3
2025-04-16 06:45:27,565 - multi_webcam_stream - WARNING - Could not open camera 1
2025-04-16 06:45:27,565 - multi_webcam_stream - WARNING - Could not open camera 2
2025-04-16 06:45:28,566 - multi_webcam_stream - WARNING - Could not open camera 1
2025-04-16 06:45:28,566 - multi_webcam_stream - WARNING - Could not open camera 3
2025-04-16 06:45:28,566 - multi_webcam_stream - WARNING - Could not open camera 2
2025-04-16 06:45:29,567 - multi_webcam_stream - WARNING - Could not open camera 2
2025-04-16 06:45:29,567 - multi_webcam_stream - WARNING - Could not open camera 3
2025-04-16 06:45:29,567 - multi_webcam_stream - WARNING - Could not open camera 1
2025-04-16 06:45:30,568 - multi_webcam_stream - WARNING - Could not open camera 2
2025-04-16 06:45:30,568 - multi_webcam_stream - WARNING - Could not open camera 1
2025-04-16 06:45:30,568 - multi_webcam_stream - WARNING - Could not open camera 3
2025-04-16 06:45:31,570 - multi_webcam_stream - WARNING - Could not open camera 2
2025-04-16 06:45:31,570 - multi_webcam_stream - WARNING - Could not open camera 3
2025-04-16 06:45:31,570 - multi_webcam_stream - WARNING - Could not open camera 1
2025-04-16 06:45:32,571 - multi_webcam_stream - WARNING - Could not open camera 3
2025-04-16 06:45:32,571 - multi_webcam_stream - WARNING - Could not open camera 2
2025-04-16 06:45:32,571 - multi_webcam_stream - WARNING - Could not open camera 1
2025-04-16 06:45:33,572 - multi_webcam_stream - WARNING - Could not open camera 2
2025-04-16 06:45:33,572 - multi_webcam_stream - WARNING - Could not open camera 3
2025-04-16 06:45:33,572 - multi_webcam_stream - WARNING - Could not open camera 1
2025-04-16 06:45:34,572 - multi_webcam_stream - WARNING - Could not open camera 2
2025-04-16 06:45:34,573 - multi_webcam_stream - WARNING - Could not open camera 1
2025-04-16 06:45:34,573 - multi_webcam_stream - WARNING - Could not open camera 3
2025-04-16 06:45:35,574 - multi_webcam_stream - WARNING - Could not open camera 2
2025-04-16 06:45:35,574 - multi_webcam_stream - WARNING - Could not open camera 3
2025-04-16 06:45:35,574 - multi_webcam_stream - WARNING - Could not open camera 1
2025-04-16 06:45:36,575 - multi_webcam_stream - WARNING - Could not open camera 3
2025-04-16 06:45:36,575 - multi_webcam_stream - WARNING - Could not open camera 2
2025-04-16 06:45:36,575 - multi_webcam_stream - WARNING - Could not open camera 1
2025-04-16 06:45:37,575 - multi_webcam_stream - WARNING - Could not open camera 3
2025-04-16 06:45:37,576 - multi_webcam_stream - WARNING - Could not open camera 2
2025-04-16 06:45:37,576 - multi_webcam_stream - WARNING - Could not open camera 1
2025-04-16 06:45:38,576 - multi_webcam_stream - WARNING - Could not open camera 3
2025-04-16 06:45:38,576 - multi_webcam_stream - WARNING - Could not open camera 1
2025-04-16 06:45:38,576 - multi_webcam_stream - WARNING - Could not open camera 2
2025-04-16 06:45:39,578 - multi_webcam_stream - WARNING - Could not open camera 3
2025-04-16 06:45:39,578 - multi_webcam_stream - WARNING - Could not open camera 1
2025-04-16 06:45:39,578 - multi_webcam_stream - WARNING - Could not open camera 2
2025-04-16 06:45:40,578 - multi_webcam_stream - WARNING - Could not open camera 1
2025-04-16 06:45:40,579 - multi_webcam_stream - WARNING - Could not open camera 3
2025-04-16 06:45:40,579 - multi_webcam_stream - WARNING - Could not open camera 2
2025-04-16 06:45:41,579 - multi_webcam_stream - WARNING - Could not open camera 1
2025-04-16 06:45:41,579 - multi_webcam_stream - WARNING - Could not open camera 3
2025-04-16 06:45:41,579 - multi_webcam_stream - WARNING - Could not open camera 2
2025-04-16 06:45:42,580 - multi_webcam_stream - WARNING - Could not open camera 2
2025-04-16 06:45:42,580 - multi_webcam_stream - WARNING - Could not open camera 1
2025-04-16 06:45:42,580 - multi_webcam_stream - WARNING - Could not open camera 3
2025-04-16 06:45:43,583 - multi_webcam_stream - WARNING - Could not open camera 2
2025-04-16 06:45:43,584 - multi_webcam_stream - WARNING - Could not open camera 3
2025-04-16 06:45:43,584 - multi_webcam_stream - WARNING - Could not open camera 1
2025-04-16 06:45:44,584 - multi_webcam_stream - WARNING - Could not open camera 3
2025-04-16 06:45:44,584 - multi_webcam_stream - WARNING - Could not open camera 2
2025-04-16 06:45:44,585 - multi_webcam_stream - WARNING - Could not open camera 1
2025-04-16 06:45:45,585 - multi_webcam_stream - WARNING - Could not open camera 1
2025-04-16 06:45:45,585 - multi_webcam_stream - WARNING - Could not open camera 2
2025-04-16 06:45:45,585 - multi_webcam_stream - WARNING - Could not open camera 3
2025-04-16 06:45:46,586 - multi_webcam_stream - WARNING - Could not open camera 1
2025-04-16 06:45:46,586 - multi_webcam_stream - WARNING - Could not open camera 3
2025-04-16 06:45:46,587 - multi_webcam_stream - WARNING - Could not open camera 2
2025-04-16 06:45:47,588 - multi_webcam_stream - WARNING - Could not open camera 1
2025-04-16 06:45:47,588 - multi_webcam_stream - WARNING - Could not open camera 2
2025-04-16 06:45:47,588 - multi_webcam_stream - WARNING - Could not open camera 3
2025-04-16 06:45:48,589 - multi_webcam_stream - WARNING - Could not open camera 2
2025-04-16 06:45:48,589 - multi_webcam_stream - WARNING - Could not open camera 1
2025-04-16 06:45:48,589 - multi_webcam_stream - WARNING - Could not open camera 3
2025-04-16 06:45:49,589 - multi_webcam_stream - WARNING - Could not open camera 2
2025-04-16 06:45:49,589 - multi_webcam_stream - WARNING - Could not open camera 1
2025-04-16 06:45:49,589 - multi_webcam_stream - WARNING - Could not open camera 3
2025-04-16 06:45:50,590 - multi_webcam_stream - WARNING - Could not open camera 3
2025-04-16 06:45:50,590 - multi_webcam_stream - WARNING - Could not open camera 2
2025-04-16 06:45:50,590 - multi_webcam_stream - WARNING - Could not open camera 1
2025-04-16 06:45:51,591 - multi_webcam_stream - WARNING - Could not open camera 1
2025-04-16 06:45:51,591 - multi_webcam_stream - WARNING - Could not open camera 3
2025-04-16 06:45:51,591 - multi_webcam_stream - WARNING - Could not open camera 2
2025-04-16 06:45:52,592 - multi_webcam_stream - WARNING - Could not open camera 1
2025-04-16 06:45:52,592 - multi_webcam_stream - WARNING - Could not open camera 3
2025-04-16 06:45:52,592 - multi_webcam_stream - WARNING - Could not open camera 2
2025-04-16 06:45:53,592 - multi_webcam_stream - WARNING - Could not open camera 2
2025-04-16 06:45:53,592 - multi_webcam_stream - WARNING - Could not open camera 3
2025-04-16 06:45:53,593 - multi_webcam_stream - WARNING - Could not open camera 1
2025-04-16 06:45:54,593 - multi_webcam_stream - WARNING - Could not open camera 2
2025-04-16 06:45:54,593 - multi_webcam_stream - WARNING - Could not open camera 3
2025-04-16 06:45:54,594 - multi_webcam_stream - WARNING - Could not open camera 1
2025-04-16 06:45:55,594 - multi_webcam_stream - WARNING - Could not open camera 1
2025-04-16 06:45:55,594 - multi_webcam_stream - WARNING - Could not open camera 3
2025-04-16 06:45:55,594 - multi_webcam_stream - WARNING - Could not open camera 2
2025-04-16 06:45:56,595 - multi_webcam_stream - WARNING - Could not open camera 1
2025-04-16 06:45:56,595 - multi_webcam_stream - WARNING - Could not open camera 2
2025-04-16 06:45:56,595 - multi_webcam_stream - WARNING - Could not open camera 3
2025-04-16 06:45:57,596 - multi_webcam_stream - WARNING - Could not open camera 2
2025-04-16 06:45:57,596 - multi_webcam_stream - WARNING - Could not open camera 1
2025-04-16 06:45:57,596 - multi_webcam_stream - WARNING - Could not open camera 3
2025-04-16 06:45:58,597 - multi_webcam_stream - WARNING - Could not open camera 2
2025-04-16 06:45:58,597 - multi_webcam_stream - WARNING - Could not open camera 3
2025-04-16 06:45:58,597 - multi_webcam_stream - WARNING - Could not open camera 1
2025-04-16 06:45:59,598 - multi_webcam_stream - WARNING - Could not open camera 1
2025-04-16 06:45:59,598 - multi_webcam_stream - WARNING - Could not open camera 2
2025-04-16 06:45:59,598 - multi_webcam_stream - WARNING - Could not open camera 3
2025-04-16 06:46:00,599 - multi_webcam_stream - WARNING - Could not open camera 3
2025-04-16 06:46:00,599 - multi_webcam_stream - WARNING - Could not open camera 2
2025-04-16 06:46:00,599 - multi_webcam_stream - WARNING - Could not open camera 1
2025-04-16 06:46:01,600 - multi_webcam_stream - WARNING - Could not open camera 1
2025-04-16 06:46:01,600 - multi_webcam_stream - WARNING - Could not open camera 2
2025-04-16 06:46:01,600 - multi_webcam_stream - WARNING - Could not open camera 3
2025-04-16 06:46:02,600 - multi_webcam_stream - WARNING - Could not open camera 3
2025-04-16 06:46:02,601 - multi_webcam_stream - WARNING - Could not open camera 2
2025-04-16 06:46:02,601 - multi_webcam_stream - WARNING - Could not open camera 1
2025-04-16 06:46:03,601 - multi_webcam_stream - WARNING - Could not open camera 3
2025-04-16 06:46:03,601 - multi_webcam_stream - WARNING - Could not open camera 1
2025-04-16 06:46:03,601 - multi_webcam_stream - WARNING - Could not open camera 2
2025-04-16 06:46:04,602 - multi_webcam_stream - WARNING - Could not open camera 3
2025-04-16 06:46:04,602 - multi_webcam_stream - WARNING - Could not open camera 1
2025-04-16 06:46:04,602 - multi_webcam_stream - WARNING - Could not open camera 2
2025-04-16 06:46:05,603 - multi_webcam_stream - WARNING - Could not open camera 1
2025-04-16 06:46:05,603 - multi_webcam_stream - WARNING - Could not open camera 2
2025-04-16 06:46:05,603 - multi_webcam_stream - WARNING - Could not open camera 3
2025-04-16 06:46:06,603 - multi_webcam_stream - WARNING - Could not open camera 2
2025-04-16 06:46:06,604 - multi_webcam_stream - WARNING - Could not open camera 1
2025-04-16 06:46:06,604 - multi_webcam_stream - WARNING - Could not open camera 3
2025-04-16 06:46:07,604 - multi_webcam_stream - WARNING - Could not open camera 1
2025-04-16 06:46:07,604 - multi_webcam_stream - WARNING - Could not open camera 3
2025-04-16 06:46:07,604 - multi_webcam_stream - WARNING - Could not open camera 2
2025-04-16 06:46:08,605 - multi_webcam_stream - WARNING - Could not open camera 3
2025-04-16 06:46:08,605 - multi_webcam_stream - WARNING - Could not open camera 2
2025-04-16 06:46:08,605 - multi_webcam_stream - WARNING - Could not open camera 1
2025-04-16 06:46:09,606 - multi_webcam_stream - WARNING - Could not open camera 3
2025-04-16 06:46:09,606 - multi_webcam_stream - WARNING - Could not open camera 2
2025-04-16 06:46:09,606 - multi_webcam_stream - WARNING - Could not open camera 1
2025-04-16 06:46:10,607 - multi_webcam_stream - WARNING - Could not open camera 3
2025-04-16 06:46:10,607 - multi_webcam_stream - WARNING - Could not open camera 1
2025-04-16 06:46:10,607 - multi_webcam_stream - WARNING - Could not open camera 2
2025-04-16 06:46:11,607 - multi_webcam_stream - WARNING - Could not open camera 3
2025-04-16 06:46:11,608 - multi_webcam_stream - WARNING - Could not open camera 1
2025-04-16 06:46:11,608 - multi_webcam_stream - WARNING - Could not open camera 2
2025-04-16 06:46:12,608 - multi_webcam_stream - WARNING - Could not open camera 3
2025-04-16 06:46:12,608 - multi_webcam_stream - WARNING - Could not open camera 1
2025-04-16 06:46:12,608 - multi_webcam_stream - WARNING - Could not open camera 2
2025-04-16 06:46:13,609 - multi_webcam_stream - WARNING - Could not open camera 3
2025-04-16 06:46:13,609 - multi_webcam_stream - WARNING - Could not open camera 1
2025-04-16 06:46:13,609 - multi_webcam_stream - WARNING - Could not open camera 2
2025-04-16 06:46:14,610 - multi_webcam_stream - WARNING - Could not open camera 2
2025-04-16 06:46:14,610 - multi_webcam_stream - WARNING - Could not open camera 1
2025-04-16 06:46:14,610 - multi_webcam_stream - WARNING - Could not open camera 3
2025-04-16 06:46:15,610 - multi_webcam_stream - WARNING - Could not open camera 2
2025-04-16 06:46:15,611 - multi_webcam_stream - WARNING - Could not open camera 1
2025-04-16 06:46:15,611 - multi_webcam_stream - WARNING - Could not open camera 3
2025-04-16 06:46:16,611 - multi_webcam_stream - WARNING - Could not open camera 2
2025-04-16 06:46:16,611 - multi_webcam_stream - WARNING - Could not open camera 1
2025-04-16 06:46:16,611 - multi_webcam_stream - WARNING - Could not open camera 3
2025-04-16 06:46:17,613 - multi_webcam_stream - WARNING - Could not open camera 3
2025-04-16 06:46:17,613 - multi_webcam_stream - WARNING - Could not open camera 1
2025-04-16 06:46:17,613 - multi_webcam_stream - WARNING - Could not open camera 2
2025-04-16 06:46:18,614 - multi_webcam_stream - WARNING - Could not open camera 1
2025-04-16 06:46:18,614 - multi_webcam_stream - WARNING - Could not open camera 3
2025-04-16 06:46:18,614 - multi_webcam_stream - WARNING - Could not open camera 2
2025-04-16 06:46:19,615 - multi_webcam_stream - WARNING - Could not open camera 3
2025-04-16 06:46:19,615 - multi_webcam_stream - WARNING - Could not open camera 2
2025-04-16 06:46:19,615 - multi_webcam_stream - WARNING - Could not open camera 1
2025-04-16 06:46:20,616 - multi_webcam_stream - WARNING - Could not open camera 1
2025-04-16 06:46:20,616 - multi_webcam_stream - WARNING - Could not open camera 2
2025-04-16 06:46:20,616 - multi_webcam_stream - WARNING - Could not open camera 3
2025-04-16 06:46:21,616 - multi_webcam_stream - WARNING - Could not open camera 1
2025-04-16 06:46:21,617 - multi_webcam_stream - WARNING - Could not open camera 2
2025-04-16 06:46:21,617 - multi_webcam_stream - WARNING - Could not open camera 3
2025-04-16 06:46:22,617 - multi_webcam_stream - WARNING - Could not open camera 2
2025-04-16 06:46:22,617 - multi_webcam_stream - WARNING - Could not open camera 3
2025-04-16 06:46:22,617 - multi_webcam_stream - WARNING - Could not open camera 1
2025-04-16 06:46:23,618 - multi_webcam_stream - WARNING - Could not open camera 3
2025-04-16 06:46:23,618 - multi_webcam_stream - WARNING - Could not open camera 2
2025-04-16 06:46:23,618 - multi_webcam_stream - WARNING - Could not open camera 1
2025-04-16 06:46:24,619 - multi_webcam_stream - WARNING - Could not open camera 1
2025-04-16 06:46:24,619 - multi_webcam_stream - WARNING - Could not open camera 2
2025-04-16 06:46:24,619 - multi_webcam_stream - WARNING - Could not open camera 3
2025-04-16 06:46:25,620 - multi_webcam_stream - WARNING - Could not open camera 1
2025-04-16 06:46:25,620 - multi_webcam_stream - WARNING - Could not open camera 2
2025-04-16 06:46:25,620 - multi_webcam_stream - WARNING - Could not open camera 3
2025-04-16 06:46:26,621 - multi_webcam_stream - WARNING - Could not open camera 3
2025-04-16 06:46:26,621 - multi_webcam_stream - WARNING - Could not open camera 1
2025-04-16 06:46:26,621 - multi_webcam_stream - WARNING - Could not open camera 2
2025-04-16 06:46:27,119 - multi_webcam_stream - INFO - Starting webcam grid generator
2025-04-16 06:46:27,622 - multi_webcam_stream - WARNING - Could not open camera 1
2025-04-16 06:46:27,622 - multi_webcam_stream - WARNING - Could not open camera 2
2025-04-16 06:46:27,622 - multi_webcam_stream - WARNING - Could not open camera 3
2025-04-16 06:46:28,622 - multi_webcam_stream - WARNING - Could not open camera 1
2025-04-16 06:46:28,623 - multi_webcam_stream - WARNING - Could not open camera 2
2025-04-16 06:46:28,623 - multi_webcam_stream - WARNING - Could not open camera 3
2025-04-16 06:46:29,623 - multi_webcam_stream - WARNING - Could not open camera 1
2025-04-16 06:46:29,623 - multi_webcam_stream - WARNING - Could not open camera 3
2025-04-16 06:46:29,623 - multi_webcam_stream - WARNING - Could not open camera 2
2025-04-16 06:46:30,624 - multi_webcam_stream - WARNING - Could not open camera 2
2025-04-16 06:46:30,624 - multi_webcam_stream - WARNING - Could not open camera 1
2025-04-16 06:46:30,624 - multi_webcam_stream - WARNING - Could not open camera 3
2025-04-16 06:46:31,625 - multi_webcam_stream - WARNING - Could not open camera 1
2025-04-16 06:46:31,625 - multi_webcam_stream - WARNING - Could not open camera 3
2025-04-16 06:46:31,625 - multi_webcam_stream - WARNING - Could not open camera 2
2025-04-16 06:46:32,626 - multi_webcam_stream - WARNING - Could not open camera 3
2025-04-16 06:46:32,626 - multi_webcam_stream - WARNING - Could not open camera 2
2025-04-16 06:46:32,626 - multi_webcam_stream - WARNING - Could not open camera 1
2025-04-16 06:46:33,628 - multi_webcam_stream - WARNING - Could not open camera 1
2025-04-16 06:46:33,628 - multi_webcam_stream - WARNING - Could not open camera 2
2025-04-16 06:46:33,628 - multi_webcam_stream - WARNING - Could not open camera 3
2025-04-16 06:46:34,629 - multi_webcam_stream - WARNING - Could not open camera 1
2025-04-16 06:46:34,629 - multi_webcam_stream - WARNING - Could not open camera 3
2025-04-16 06:46:34,629 - multi_webcam_stream - WARNING - Could not open camera 2
2025-04-16 06:46:35,630 - multi_webcam_stream - WARNING - Could not open camera 1
2025-04-16 06:46:35,630 - multi_webcam_stream - WARNING - Could not open camera 2
2025-04-16 06:46:35,630 - multi_webcam_stream - WARNING - Could not open camera 3
2025-04-16 06:46:35,946 - multi_webcam_stream - INFO - Starting webcam grid generator
2025-04-16 06:46:36,631 - multi_webcam_stream - WARNING - Could not open camera 1
2025-04-16 06:46:36,631 - multi_webcam_stream - WARNING - Could not open camera 2
2025-04-16 06:46:36,631 - multi_webcam_stream - WARNING - Could not open camera 3
2025-04-16 06:46:37,631 - multi_webcam_stream - WARNING - Could not open camera 2
2025-04-16 06:46:37,631 - multi_webcam_stream - WARNING - Could not open camera 1
2025-04-16 06:46:37,632 - multi_webcam_stream - WARNING - Could not open camera 3
2025-04-16 06:46:38,632 - multi_webcam_stream - WARNING - Could not open camera 2
2025-04-16 06:46:38,632 - multi_webcam_stream - WARNING - Could not open camera 1
2025-04-16 06:46:38,632 - multi_webcam_stream - WARNING - Could not open camera 3
2025-04-16 06:46:39,633 - multi_webcam_stream - WARNING - Could not open camera 3
2025-04-16 06:46:39,633 - multi_webcam_stream - WARNING - Could not open camera 1
2025-04-16 06:46:39,633 - multi_webcam_stream - WARNING - Could not open camera 2
2025-04-16 06:46:40,634 - multi_webcam_stream - WARNING - Could not open camera 2
2025-04-16 06:46:40,634 - multi_webcam_stream - WARNING - Could not open camera 3
2025-04-16 06:46:40,634 - multi_webcam_stream - WARNING - Could not open camera 1
2025-04-16 06:46:41,635 - multi_webcam_stream - WARNING - Could not open camera 2
2025-04-16 06:46:41,635 - multi_webcam_stream - WARNING - Could not open camera 1
2025-04-16 06:46:41,635 - multi_webcam_stream - WARNING - Could not open camera 3
2025-04-16 06:46:42,635 - multi_webcam_stream - WARNING - Could not open camera 2
2025-04-16 06:46:42,636 - multi_webcam_stream - WARNING - Could not open camera 3
2025-04-16 06:46:42,636 - multi_webcam_stream - WARNING - Could not open camera 1
2025-04-16 06:46:43,636 - multi_webcam_stream - WARNING - Could not open camera 2
2025-04-16 06:46:43,636 - multi_webcam_stream - WARNING - Could not open camera 3
2025-04-16 06:46:43,636 - multi_webcam_stream - WARNING - Could not open camera 1
2025-04-16 06:46:44,637 - multi_webcam_stream - WARNING - Could not open camera 2
2025-04-16 06:46:44,637 - multi_webcam_stream - WARNING - Could not open camera 1
2025-04-16 06:46:44,637 - multi_webcam_stream - WARNING - Could not open camera 3
2025-04-16 06:46:45,638 - multi_webcam_stream - WARNING - Could not open camera 2
2025-04-16 06:46:45,638 - multi_webcam_stream - WARNING - Could not open camera 1
2025-04-16 06:46:45,638 - multi_webcam_stream - WARNING - Could not open camera 3
2025-04-16 06:46:46,638 - multi_webcam_stream - WARNING - Could not open camera 1
2025-04-16 06:46:46,639 - multi_webcam_stream - WARNING - Could not open camera 2
2025-04-16 06:46:46,639 - multi_webcam_stream - WARNING - Could not open camera 3
2025-04-16 06:46:47,639 - multi_webcam_stream - WARNING - Could not open camera 1
2025-04-16 06:46:47,639 - multi_webcam_stream - WARNING - Could not open camera 2
2025-04-16 06:46:47,640 - multi_webcam_stream - WARNING - Could not open camera 3
2025-04-16 06:46:48,640 - multi_webcam_stream - WARNING - Could not open camera 2
2025-04-16 06:46:48,640 - multi_webcam_stream - WARNING - Could not open camera 1
2025-04-16 06:46:48,640 - multi_webcam_stream - WARNING - Could not open camera 3
2025-04-16 06:46:49,641 - multi_webcam_stream - WARNING - Could not open camera 3
2025-04-16 06:46:49,641 - multi_webcam_stream - WARNING - Could not open camera 1
2025-04-16 06:46:49,641 - multi_webcam_stream - WARNING - Could not open camera 2
2025-04-16 06:46:50,641 - multi_webcam_stream - WARNING - Could not open camera 3
2025-04-16 06:46:50,642 - multi_webcam_stream - WARNING - Could not open camera 2
2025-04-16 06:46:50,642 - multi_webcam_stream - WARNING - Could not open camera 1
2025-04-16 06:46:51,642 - multi_webcam_stream - WARNING - Could not open camera 3
2025-04-16 06:46:51,642 - multi_webcam_stream - WARNING - Could not open camera 1
2025-04-16 06:46:51,642 - multi_webcam_stream - WARNING - Could not open camera 2
2025-04-16 06:46:52,643 - multi_webcam_stream - WARNING - Could not open camera 2
2025-04-16 06:46:52,643 - multi_webcam_stream - WARNING - Could not open camera 1
2025-04-16 06:46:52,644 - multi_webcam_stream - WARNING - Could not open camera 3
2025-04-16 06:46:53,644 - multi_webcam_stream - WARNING - Could not open camera 1
2025-04-16 06:46:53,644 - multi_webcam_stream - WARNING - Could not open camera 2
2025-04-16 06:46:53,644 - multi_webcam_stream - WARNING - Could not open camera 3
2025-04-16 06:46:54,645 - multi_webcam_stream - WARNING - Could not open camera 1
2025-04-16 06:46:54,645 - multi_webcam_stream - WARNING - Could not open camera 3
2025-04-16 06:46:54,646 - multi_webcam_stream - WARNING - Could not open camera 2
2025-04-16 06:46:55,646 - multi_webcam_stream - WARNING - Could not open camera 3
2025-04-16 06:46:55,647 - multi_webcam_stream - WARNING - Could not open camera 2
2025-04-16 06:46:55,647 - multi_webcam_stream - WARNING - Could not open camera 1
2025-04-16 06:46:56,648 - multi_webcam_stream - WARNING - Could not open camera 3
2025-04-16 06:46:56,648 - multi_webcam_stream - WARNING - Could not open camera 2
2025-04-16 06:46:56,648 - multi_webcam_stream - WARNING - Could not open camera 1
2025-04-16 06:46:57,650 - multi_webcam_stream - WARNING - Could not open camera 3
2025-04-16 06:46:57,650 - multi_webcam_stream - WARNING - Could not open camera 1
2025-04-16 06:46:57,650 - multi_webcam_stream - WARNING - Could not open camera 2
2025-04-16 06:46:58,650 - multi_webcam_stream - WARNING - Could not open camera 1
2025-04-16 06:46:58,651 - multi_webcam_stream - WARNING - Could not open camera 3
2025-04-16 06:46:58,651 - multi_webcam_stream - WARNING - Could not open camera 2
2025-04-16 06:46:59,651 - multi_webcam_stream - WARNING - Could not open camera 3
2025-04-16 06:46:59,651 - multi_webcam_stream - WARNING - Could not open camera 1
2025-04-16 06:46:59,651 - multi_webcam_stream - WARNING - Could not open camera 2
2025-04-16 06:47:00,655 - multi_webcam_stream - WARNING - Could not open camera 1
2025-04-16 06:47:00,655 - multi_webcam_stream - WARNING - Could not open camera 3
2025-04-16 06:47:00,655 - multi_webcam_stream - WARNING - Could not open camera 2
2025-04-16 06:47:01,656 - multi_webcam_stream - WARNING - Could not open camera 3
2025-04-16 06:47:01,656 - multi_webcam_stream - WARNING - Could not open camera 2
2025-04-16 06:47:01,656 - multi_webcam_stream - WARNING - Could not open camera 1
2025-04-16 06:47:02,657 - multi_webcam_stream - WARNING - Could not open camera 1
2025-04-16 06:47:02,657 - multi_webcam_stream - WARNING - Could not open camera 3
2025-04-16 06:47:02,657 - multi_webcam_stream - WARNING - Could not open camera 2
2025-04-16 06:47:03,658 - multi_webcam_stream - WARNING - Could not open camera 3
2025-04-16 06:47:03,659 - multi_webcam_stream - WARNING - Could not open camera 1
2025-04-16 06:47:03,659 - multi_webcam_stream - WARNING - Could not open camera 2
2025-04-16 06:47:04,658 - multi_webcam_stream - WARNING - Could not open camera 3
2025-04-16 06:47:04,659 - multi_webcam_stream - WARNING - Could not open camera 1
2025-04-16 06:47:04,660 - multi_webcam_stream - WARNING - Could not open camera 2
2025-04-16 06:47:05,659 - multi_webcam_stream - WARNING - Could not open camera 3
2025-04-16 06:47:05,659 - multi_webcam_stream - WARNING - Could not open camera 1
2025-04-16 06:47:05,660 - multi_webcam_stream - WARNING - Could not open camera 2
2025-04-16 06:47:06,660 - multi_webcam_stream - WARNING - Could not open camera 3
2025-04-16 06:47:06,660 - multi_webcam_stream - WARNING - Could not open camera 1
2025-04-16 06:47:06,660 - multi_webcam_stream - WARNING - Could not open camera 2
2025-04-16 06:47:07,662 - multi_webcam_stream - WARNING - Could not open camera 3
2025-04-16 06:47:07,662 - multi_webcam_stream - WARNING - Could not open camera 2
2025-04-16 06:47:07,663 - multi_webcam_stream - WARNING - Could not open camera 1
2025-04-16 06:47:08,662 - multi_webcam_stream - WARNING - Could not open camera 3
2025-04-16 06:47:08,663 - multi_webcam_stream - WARNING - Could not open camera 2
2025-04-16 06:47:08,663 - multi_webcam_stream - WARNING - Could not open camera 1
2025-04-16 06:47:09,663 - multi_webcam_stream - WARNING - Could not open camera 3
2025-04-16 06:47:09,663 - multi_webcam_stream - WARNING - Could not open camera 2
2025-04-16 06:47:09,664 - multi_webcam_stream - WARNING - Could not open camera 1
2025-04-16 06:47:10,664 - multi_webcam_stream - WARNING - Could not open camera 3
2025-04-16 06:47:10,664 - multi_webcam_stream - WARNING - Could not open camera 2
2025-04-16 06:47:10,664 - multi_webcam_stream - WARNING - Could not open camera 1
2025-04-16 06:47:11,664 - multi_webcam_stream - WARNING - Could not open camera 3
2025-04-16 06:47:11,665 - multi_webcam_stream - WARNING - Could not open camera 2
2025-04-16 06:47:11,665 - multi_webcam_stream - WARNING - Could not open camera 1
2025-04-16 06:47:12,665 - multi_webcam_stream - WARNING - Could not open camera 3
2025-04-16 06:47:12,666 - multi_webcam_stream - WARNING - Could not open camera 2
2025-04-16 06:47:12,666 - multi_webcam_stream - WARNING - Could not open camera 1
2025-04-16 06:47:13,666 - multi_webcam_stream - WARNING - Could not open camera 3
2025-04-16 06:47:13,666 - multi_webcam_stream - WARNING - Could not open camera 2
2025-04-16 06:47:13,666 - multi_webcam_stream - WARNING - Could not open camera 1
2025-04-16 06:47:14,667 - multi_webcam_stream - WARNING - Could not open camera 3
2025-04-16 06:47:14,667 - multi_webcam_stream - WARNING - Could not open camera 2
2025-04-16 06:47:14,667 - multi_webcam_stream - WARNING - Could not open camera 1
2025-04-16 06:47:15,667 - multi_webcam_stream - WARNING - Could not open camera 3
2025-04-16 06:47:15,668 - multi_webcam_stream - WARNING - Could not open camera 2
2025-04-16 06:47:15,668 - multi_webcam_stream - WARNING - Could not open camera 1
2025-04-16 06:47:16,668 - multi_webcam_stream - WARNING - Could not open camera 2
2025-04-16 06:47:16,668 - multi_webcam_stream - WARNING - Could not open camera 3
2025-04-16 06:47:16,668 - multi_webcam_stream - WARNING - Could not open camera 1
2025-04-16 06:47:17,669 - multi_webcam_stream - WARNING - Could not open camera 1
2025-04-16 06:47:17,669 - multi_webcam_stream - WARNING - Could not open camera 2
2025-04-16 06:47:17,669 - multi_webcam_stream - WARNING - Could not open camera 3
2025-04-16 06:47:18,670 - multi_webcam_stream - WARNING - Could not open camera 1
2025-04-16 06:47:18,670 - multi_webcam_stream - WARNING - Could not open camera 3
2025-04-16 06:47:18,670 - multi_webcam_stream - WARNING - Could not open camera 2
2025-04-16 06:47:19,671 - multi_webcam_stream - WARNING - Could not open camera 1
2025-04-16 06:47:19,671 - multi_webcam_stream - WARNING - Could not open camera 2
2025-04-16 06:47:19,671 - multi_webcam_stream - WARNING - Could not open camera 3
2025-04-16 06:47:20,672 - multi_webcam_stream - WARNING - Could not open camera 1
2025-04-16 06:47:20,672 - multi_webcam_stream - WARNING - Could not open camera 2
2025-04-16 06:47:20,672 - multi_webcam_stream - WARNING - Could not open camera 3
2025-04-16 06:47:21,673 - multi_webcam_stream - WARNING - Could not open camera 1
2025-04-16 06:47:21,673 - multi_webcam_stream - WARNING - Could not open camera 2
2025-04-16 06:47:21,673 - multi_webcam_stream - WARNING - Could not open camera 3
2025-04-16 06:47:22,673 - multi_webcam_stream - WARNING - Could not open camera 3
2025-04-16 06:47:22,673 - multi_webcam_stream - WARNING - Could not open camera 1
2025-04-16 06:47:22,673 - multi_webcam_stream - WARNING - Could not open camera 2
2025-04-16 06:47:23,674 - multi_webcam_stream - WARNING - Could not open camera 1
2025-04-16 06:47:23,674 - multi_webcam_stream - WARNING - Could not open camera 3
2025-04-16 06:47:23,674 - multi_webcam_stream - WARNING - Could not open camera 2
2025-04-16 06:47:24,675 - multi_webcam_stream - WARNING - Could not open camera 3
2025-04-16 06:47:24,675 - multi_webcam_stream - WARNING - Could not open camera 1
2025-04-16 06:47:24,675 - multi_webcam_stream - WARNING - Could not open camera 2
2025-04-16 06:47:25,676 - multi_webcam_stream - WARNING - Could not open camera 3
2025-04-16 06:47:25,676 - multi_webcam_stream - WARNING - Could not open camera 2
2025-04-16 06:47:25,676 - multi_webcam_stream - WARNING - Could not open camera 1
2025-04-16 06:47:26,678 - multi_webcam_stream - WARNING - Could not open camera 2
2025-04-16 06:47:26,681 - multi_webcam_stream - WARNING - Could not open camera 3
2025-04-16 06:47:26,682 - multi_webcam_stream - WARNING - Could not open camera 1
2025-04-16 06:47:27,679 - multi_webcam_stream - WARNING - Could not open camera 2
2025-04-16 06:47:27,682 - multi_webcam_stream - WARNING - Could not open camera 3
2025-04-16 06:47:27,682 - multi_webcam_stream - WARNING - Could not open camera 1
2025-04-16 06:47:28,681 - multi_webcam_stream - WARNING - Could not open camera 2
2025-04-16 06:47:28,683 - multi_webcam_stream - WARNING - Could not open camera 3
2025-04-16 06:47:28,683 - multi_webcam_stream - WARNING - Could not open camera 1
2025-04-16 06:47:29,682 - multi_webcam_stream - WARNING - Could not open camera 2
2025-04-16 06:47:29,683 - multi_webcam_stream - WARNING - Could not open camera 1
2025-04-16 06:47:29,683 - multi_webcam_stream - WARNING - Could not open camera 3
2025-04-16 06:47:30,682 - multi_webcam_stream - WARNING - Could not open camera 2
2025-04-16 06:47:30,684 - multi_webcam_stream - WARNING - Could not open camera 1
2025-04-16 06:47:30,684 - multi_webcam_stream - WARNING - Could not open camera 3
2025-04-16 06:47:31,683 - multi_webcam_stream - WARNING - Could not open camera 2
2025-04-16 06:47:31,684 - multi_webcam_stream - WARNING - Could not open camera 1
2025-04-16 06:47:31,684 - multi_webcam_stream - WARNING - Could not open camera 3
2025-04-16 06:47:32,684 - multi_webcam_stream - WARNING - Could not open camera 2
2025-04-16 06:47:32,685 - multi_webcam_stream - WARNING - Could not open camera 1
2025-04-16 06:47:32,685 - multi_webcam_stream - WARNING - Could not open camera 3
2025-04-16 06:47:33,684 - multi_webcam_stream - WARNING - Could not open camera 2
2025-04-16 06:47:33,686 - multi_webcam_stream - WARNING - Could not open camera 1
2025-04-16 06:47:33,686 - multi_webcam_stream - WARNING - Could not open camera 3
2025-04-16 06:47:34,685 - multi_webcam_stream - WARNING - Could not open camera 2
2025-04-16 06:47:34,687 - multi_webcam_stream - WARNING - Could not open camera 1
2025-04-16 06:47:34,687 - multi_webcam_stream - WARNING - Could not open camera 3
2025-04-16 06:47:35,686 - multi_webcam_stream - WARNING - Could not open camera 2
2025-04-16 06:47:35,687 - multi_webcam_stream - WARNING - Could not open camera 1
2025-04-16 06:47:35,687 - multi_webcam_stream - WARNING - Could not open camera 3
2025-04-16 06:47:36,686 - multi_webcam_stream - WARNING - Could not open camera 2
2025-04-16 06:47:36,688 - multi_webcam_stream - WARNING - Could not open camera 1
2025-04-16 06:47:36,688 - multi_webcam_stream - WARNING - Could not open camera 3
2025-04-16 06:47:37,687 - multi_webcam_stream - WARNING - Could not open camera 2
2025-04-16 06:47:37,688 - multi_webcam_stream - WARNING - Could not open camera 1
2025-04-16 06:47:37,689 - multi_webcam_stream - WARNING - Could not open camera 3
2025-04-16 06:47:38,688 - multi_webcam_stream - WARNING - Could not open camera 2
2025-04-16 06:47:38,690 - multi_webcam_stream - WARNING - Could not open camera 1
2025-04-16 06:47:38,690 - multi_webcam_stream - WARNING - Could not open camera 3
2025-04-16 06:47:39,692 - multi_webcam_stream - WARNING - Could not open camera 1
2025-04-16 06:47:39,692 - multi_webcam_stream - WARNING - Could not open camera 3
2025-04-16 06:47:39,692 - multi_webcam_stream - WARNING - Could not open camera 2
2025-04-16 06:47:40,693 - multi_webcam_stream - WARNING - Could not open camera 1
2025-04-16 06:47:40,693 - multi_webcam_stream - WARNING - Could not open camera 3
2025-04-16 06:47:40,693 - multi_webcam_stream - WARNING - Could not open camera 2
2025-04-16 06:47:41,694 - multi_webcam_stream - WARNING - Could not open camera 1
2025-04-16 06:47:41,694 - multi_webcam_stream - WARNING - Could not open camera 3
2025-04-16 06:47:41,694 - multi_webcam_stream - WARNING - Could not open camera 2
2025-04-16 06:47:42,694 - multi_webcam_stream - WARNING - Could not open camera 3
2025-04-16 06:47:42,695 - multi_webcam_stream - WARNING - Could not open camera 2
2025-04-16 06:47:42,695 - multi_webcam_stream - WARNING - Could not open camera 1
2025-04-16 06:47:43,695 - multi_webcam_stream - WARNING - Could not open camera 1
2025-04-16 06:47:43,695 - multi_webcam_stream - WARNING - Could not open camera 2
2025-04-16 06:47:43,695 - multi_webcam_stream - WARNING - Could not open camera 3
2025-04-16 06:47:44,696 - multi_webcam_stream - WARNING - Could not open camera 1
2025-04-16 06:47:44,696 - multi_webcam_stream - WARNING - Could not open camera 3
2025-04-16 06:47:44,696 - multi_webcam_stream - WARNING - Could not open camera 2
2025-04-16 06:47:45,697 - multi_webcam_stream - WARNING - Could not open camera 1
2025-04-16 06:47:45,697 - multi_webcam_stream - WARNING - Could not open camera 3
2025-04-16 06:47:45,697 - multi_webcam_stream - WARNING - Could not open camera 2
2025-04-16 06:47:46,698 - multi_webcam_stream - WARNING - Could not open camera 2
2025-04-16 06:47:46,698 - multi_webcam_stream - WARNING - Could not open camera 3
2025-04-16 06:47:46,698 - multi_webcam_stream - WARNING - Could not open camera 1
2025-04-16 06:47:47,699 - multi_webcam_stream - WARNING - Could not open camera 2
2025-04-16 06:47:47,699 - multi_webcam_stream - WARNING - Could not open camera 3
2025-04-16 06:47:47,699 - multi_webcam_stream - WARNING - Could not open camera 1
2025-04-16 06:47:48,700 - multi_webcam_stream - WARNING - Could not open camera 2
2025-04-16 06:47:48,700 - multi_webcam_stream - WARNING - Could not open camera 1
2025-04-16 06:47:48,700 - multi_webcam_stream - WARNING - Could not open camera 3
2025-04-16 06:47:49,700 - multi_webcam_stream - WARNING - Could not open camera 1
2025-04-16 06:47:49,701 - multi_webcam_stream - WARNING - Could not open camera 2
2025-04-16 06:47:49,701 - multi_webcam_stream - WARNING - Could not open camera 3
2025-04-16 06:47:50,701 - multi_webcam_stream - WARNING - Could not open camera 1
2025-04-16 06:47:50,701 - multi_webcam_stream - WARNING - Could not open camera 3
2025-04-16 06:47:50,701 - multi_webcam_stream - WARNING - Could not open camera 2
2025-04-16 06:47:51,702 - multi_webcam_stream - WARNING - Could not open camera 1
2025-04-16 06:47:51,702 - multi_webcam_stream - WARNING - Could not open camera 3
2025-04-16 06:47:51,702 - multi_webcam_stream - WARNING - Could not open camera 2
2025-04-16 06:47:52,703 - multi_webcam_stream - WARNING - Could not open camera 1
2025-04-16 06:47:52,703 - multi_webcam_stream - WARNING - Could not open camera 3
2025-04-16 06:47:52,703 - multi_webcam_stream - WARNING - Could not open camera 2
2025-04-16 06:47:53,704 - multi_webcam_stream - WARNING - Could not open camera 2
2025-04-16 06:47:53,704 - multi_webcam_stream - WARNING - Could not open camera 3
2025-04-16 06:47:53,704 - multi_webcam_stream - WARNING - Could not open camera 1
2025-04-16 06:47:54,704 - multi_webcam_stream - WARNING - Could not open camera 2
2025-04-16 06:47:54,705 - multi_webcam_stream - WARNING - Could not open camera 3
2025-04-16 06:47:54,705 - multi_webcam_stream - WARNING - Could not open camera 1
2025-04-16 06:47:55,705 - multi_webcam_stream - WARNING - Could not open camera 3
2025-04-16 06:47:55,705 - multi_webcam_stream - WARNING - Could not open camera 2
2025-04-16 06:47:55,705 - multi_webcam_stream - WARNING - Could not open camera 1
2025-04-16 06:47:56,706 - multi_webcam_stream - WARNING - Could not open camera 2
2025-04-16 06:47:56,707 - multi_webcam_stream - WARNING - Could not open camera 3
2025-04-16 06:47:56,710 - multi_webcam_stream - WARNING - Could not open camera 1
2025-04-16 06:47:57,668 - multi_webcam_stream - INFO - Application stopped by user
2025-04-16 06:47:57,669 - multi_webcam_stream - INFO - Cleaning up resources
2025-04-16 06:47:57,742 - multi_webcam_stream - INFO - Stopped all camera captures
2025-04-16 06:47:57,806 - multi_webcam_stream - ERROR - Error in webcam stream: 'NoneType' object has no attribute 'get_latest_frame'
2025-04-16 06:58:09,618 - multi_webcam_stream - INFO - Starting multi-webcam application
2025-04-16 06:58:09,618 - multi_webcam_stream - INFO - Initializing 4 webcams
2025-04-16 06:58:09,756 - multi_webcam_stream - INFO - Webcam 0 initialized successfully at 640x480
2025-04-16 06:58:09,757 - multi_webcam_stream - WARNING - Failed to open webcam with ID 1
2025-04-16 06:58:09,757 - multi_webcam_stream - WARNING - Failed to open webcam with ID 1, will retry in background
2025-04-16 06:58:09,757 - multi_webcam_stream - WARNING - Failed to open webcam with ID 2
2025-04-16 06:58:09,757 - multi_webcam_stream - WARNING - Failed to open webcam with ID 2, will retry in background
2025-04-16 06:58:09,758 - multi_webcam_stream - WARNING - Failed to open webcam with ID 3
2025-04-16 06:58:09,758 - multi_webcam_stream - WARNING - Failed to open webcam with ID 3, will retry in background
2025-04-16 06:58:09,759 - multi_webcam_stream - INFO - Starting capture loop for webcam 0
2025-04-16 06:58:09,759 - multi_webcam_stream - INFO - Starting reconnection loop for webcam 1
2025-04-16 06:58:09,759 - multi_webcam_stream - INFO - Starting reconnection loop for webcam 2
2025-04-16 06:58:09,759 - multi_webcam_stream - INFO - Starting reconnection loop for webcam 3
2025-04-16 06:58:09,759 - multi_webcam_stream - INFO - Attempting to reconnect to webcam 1
2025-04-16 06:58:09,759 - multi_webcam_stream - INFO - Started 1 capture threads and 3 reconnection threads
2025-04-16 06:58:09,759 - multi_webcam_stream - INFO - Attempting to reconnect to webcam 2
2025-04-16 06:58:09,760 - multi_webcam_stream - INFO - Attempting to reconnect to webcam 3
2025-04-16 06:58:09,761 - multi_webcam_stream - WARNING - Failed to open webcam with ID 1
2025-04-16 06:58:09,761 - multi_webcam_stream - WARNING - Failed to open webcam with ID 2
2025-04-16 06:58:09,761 - multi_webcam_stream - ERROR - Application error: BlockContext.__init__() got an unexpected keyword argument 'refresh_per_second'
2025-04-16 06:58:09,761 - multi_webcam_stream - WARNING - Failed to open webcam with ID 3
2025-04-16 06:58:09,761 - multi_webcam_stream - INFO - Stopping all webcam threads
2025-04-16 06:58:10,833 - httpx - INFO - HTTP Request: GET https://api.gradio.app/pkg-version "HTTP/1.1 200 OK"
2025-04-16 06:58:13,071 - multi_webcam_stream - INFO - All webcam resources released
2025-04-16 07:02:16,962 - multi_webcam_stream - INFO - Starting multi-webcam application
2025-04-16 07:02:16,962 - multi_webcam_stream - INFO - Initializing 1 webcams
2025-04-16 07:02:17,102 - multi_webcam_stream - INFO - Webcam 0 initialized successfully at 640x480
2025-04-16 07:02:17,103 - multi_webcam_stream - INFO - Starting capture loop for webcam 0
2025-04-16 07:02:17,103 - multi_webcam_stream - INFO - Started 1 capture threads and 0 reconnection threads
2025-04-16 07:02:17,104 - multi_webcam_stream - ERROR - Application error: BlockContext.__init__() got an unexpected keyword argument 'refresh_per_second'
2025-04-16 07:02:17,104 - multi_webcam_stream - INFO - Stopping all webcam threads
2025-04-16 07:02:17,409 - multi_webcam_stream - INFO - All webcam resources released
2025-04-16 07:02:18,007 - httpx - INFO - HTTP Request: GET https://api.gradio.app/pkg-version "HTTP/1.1 200 OK"
2025-04-16 07:03:10,113 - multi_webcam_stream - INFO - Starting multi-webcam application
2025-04-16 07:03:10,113 - multi_webcam_stream - INFO - Initializing 4 webcams
2025-04-16 07:03:10,250 - multi_webcam_stream - INFO - Webcam 0 initialized successfully at 640x480
2025-04-16 07:03:10,251 - multi_webcam_stream - WARNING - Failed to open webcam with ID 1
2025-04-16 07:03:10,251 - multi_webcam_stream - WARNING - Failed to open webcam with ID 1, will retry in background
2025-04-16 07:03:10,251 - multi_webcam_stream - WARNING - Failed to open webcam with ID 2
2025-04-16 07:03:10,251 - multi_webcam_stream - WARNING - Failed to open webcam with ID 2, will retry in background
2025-04-16 07:03:10,252 - multi_webcam_stream - WARNING - Failed to open webcam with ID 3
2025-04-16 07:03:10,252 - multi_webcam_stream - WARNING - Failed to open webcam with ID 3, will retry in background
2025-04-16 07:03:10,253 - multi_webcam_stream - INFO - Starting capture loop for webcam 0
2025-04-16 07:03:10,253 - multi_webcam_stream - INFO - Starting reconnection loop for webcam 1
2025-04-16 07:03:10,253 - multi_webcam_stream - INFO - Starting reconnection loop for webcam 2
2025-04-16 07:03:10,254 - multi_webcam_stream - INFO - Attempting to reconnect to webcam 1
2025-04-16 07:03:10,254 - multi_webcam_stream - INFO - Attempting to reconnect to webcam 2
2025-04-16 07:03:10,254 - multi_webcam_stream - INFO - Starting reconnection loop for webcam 3
2025-04-16 07:03:10,254 - multi_webcam_stream - INFO - Started 1 capture threads and 3 reconnection threads
2025-04-16 07:03:10,254 - multi_webcam_stream - INFO - Attempting to reconnect to webcam 3
2025-04-16 07:03:10,254 - multi_webcam_stream - WARNING - Failed to open webcam with ID 1
2025-04-16 07:03:10,255 - multi_webcam_stream - WARNING - Failed to open webcam with ID 2
2025-04-16 07:03:10,255 - multi_webcam_stream - WARNING - Failed to open webcam with ID 3
2025-04-16 07:03:10,475 - httpx - INFO - HTTP Request: GET http://127.0.0.1:7860/gradio_api/startup-events "HTTP/1.1 200 OK"
2025-04-16 07:03:10,490 - httpx - INFO - HTTP Request: HEAD http://127.0.0.1:7860/ "HTTP/1.1 200 OK"
2025-04-16 07:03:11,373 - httpx - INFO - HTTP Request: GET https://api.gradio.app/pkg-version "HTTP/1.1 200 OK"
2025-04-16 07:03:11,596 - httpx - INFO - HTTP Request: GET https://api.gradio.app/v3/tunnel-request "HTTP/1.1 200 OK"
2025-04-16 07:03:15,255 - multi_webcam_stream - INFO - Attempting to reconnect to webcam 1
2025-04-16 07:03:15,255 - multi_webcam_stream - INFO - Attempting to reconnect to webcam 3
2025-04-16 07:03:15,256 - multi_webcam_stream - INFO - Attempting to reconnect to webcam 2
2025-04-16 07:03:15,256 - multi_webcam_stream - WARNING - Failed to open webcam with ID 3
2025-04-16 07:03:15,256 - multi_webcam_stream - WARNING - Failed to open webcam with ID 1
2025-04-16 07:03:15,256 - multi_webcam_stream - WARNING - Failed to open webcam with ID 2
2025-04-16 07:03:20,257 - multi_webcam_stream - INFO - Attempting to reconnect to webcam 3
2025-04-16 07:03:20,257 - multi_webcam_stream - INFO - Attempting to reconnect to webcam 2
2025-04-16 07:03:20,257 - multi_webcam_stream - INFO - Attempting to reconnect to webcam 1
2025-04-16 07:03:20,257 - multi_webcam_stream - WARNING - Failed to open webcam with ID 1
2025-04-16 07:03:20,258 - multi_webcam_stream - WARNING - Failed to open webcam with ID 3
2025-04-16 07:03:20,258 - multi_webcam_stream - WARNING - Failed to open webcam with ID 2
2025-04-16 07:03:25,258 - multi_webcam_stream - INFO - Attempting to reconnect to webcam 2
2025-04-16 07:03:25,258 - multi_webcam_stream - INFO - Attempting to reconnect to webcam 3
2025-04-16 07:03:25,258 - multi_webcam_stream - INFO - Attempting to reconnect to webcam 1
2025-04-16 07:03:25,259 - multi_webcam_stream - WARNING - Failed to open webcam with ID 3
2025-04-16 07:03:25,259 - multi_webcam_stream - WARNING - Failed to open webcam with ID 2
2025-04-16 07:03:25,259 - multi_webcam_stream - WARNING - Failed to open webcam with ID 1
2025-04-16 07:03:30,259 - multi_webcam_stream - INFO - Attempting to reconnect to webcam 3
2025-04-16 07:03:30,259 - multi_webcam_stream - INFO - Attempting to reconnect to webcam 2
2025-04-16 07:03:30,260 - multi_webcam_stream - INFO - Attempting to reconnect to webcam 1
2025-04-16 07:03:30,260 - multi_webcam_stream - WARNING - Failed to open webcam with ID 3
2025-04-16 07:03:30,260 - multi_webcam_stream - WARNING - Failed to open webcam with ID 2
2025-04-16 07:03:30,260 - multi_webcam_stream - WARNING - Failed to open webcam with ID 1
2025-04-16 07:03:35,261 - multi_webcam_stream - INFO - Attempting to reconnect to webcam 3
2025-04-16 07:03:35,261 - multi_webcam_stream - INFO - Attempting to reconnect to webcam 2
2025-04-16 07:03:35,261 - multi_webcam_stream - INFO - Attempting to reconnect to webcam 1
2025-04-16 07:03:35,262 - multi_webcam_stream - WARNING - Failed to open webcam with ID 3
2025-04-16 07:03:35,262 - multi_webcam_stream - WARNING - Failed to open webcam with ID 2
2025-04-16 07:03:35,262 - multi_webcam_stream - WARNING - Failed to open webcam with ID 1
2025-04-16 07:03:40,262 - multi_webcam_stream - INFO - Attempting to reconnect to webcam 1
2025-04-16 07:03:40,262 - multi_webcam_stream - INFO - Attempting to reconnect to webcam 2
2025-04-16 07:03:40,262 - multi_webcam_stream - INFO - Attempting to reconnect to webcam 3
2025-04-16 07:03:40,263 - multi_webcam_stream - WARNING - Failed to open webcam with ID 1
2025-04-16 07:03:40,263 - multi_webcam_stream - WARNING - Failed to open webcam with ID 3
2025-04-16 07:03:40,263 - multi_webcam_stream - WARNING - Failed to open webcam with ID 2
2025-04-16 07:03:45,264 - multi_webcam_stream - INFO - Attempting to reconnect to webcam 1
2025-04-16 07:03:45,264 - multi_webcam_stream - INFO - Attempting to reconnect to webcam 3
2025-04-16 07:03:45,264 - multi_webcam_stream - INFO - Attempting to reconnect to webcam 2
2025-04-16 07:03:45,264 - multi_webcam_stream - WARNING - Failed to open webcam with ID 2
2025-04-16 07:03:45,264 - multi_webcam_stream - WARNING - Failed to open webcam with ID 1
2025-04-16 07:03:45,264 - multi_webcam_stream - WARNING - Failed to open webcam with ID 3
2025-04-16 07:03:48,585 - multi_webcam_stream - INFO - Application stopped by user
2025-04-16 07:03:48,586 - multi_webcam_stream - INFO - Stopping all webcam threads
2025-04-16 07:04:04,577 - multi_webcam_stream - INFO - Starting multi-webcam application
2025-04-16 07:04:04,577 - multi_webcam_stream - INFO - Initializing 1 webcams
2025-04-16 07:04:04,714 - multi_webcam_stream - INFO - Webcam 0 initialized successfully at 640x480
2025-04-16 07:04:04,715 - multi_webcam_stream - INFO - Starting capture loop for webcam 0
2025-04-16 07:04:04,715 - multi_webcam_stream - INFO - Started 1 capture threads and 0 reconnection threads
2025-04-16 07:04:04,914 - httpx - INFO - HTTP Request: GET http://127.0.0.1:7860/gradio_api/startup-events "HTTP/1.1 200 OK"
2025-04-16 07:04:04,925 - httpx - INFO - HTTP Request: HEAD http://127.0.0.1:7860/ "HTTP/1.1 200 OK"
2025-04-16 07:04:05,781 - httpx - INFO - HTTP Request: GET https://api.gradio.app/pkg-version "HTTP/1.1 200 OK"
2025-04-16 07:04:06,040 - httpx - INFO - HTTP Request: GET https://api.gradio.app/v3/tunnel-request "HTTP/1.1 200 OK"
2025-04-16 07:04:33,654 - multi_webcam_stream - INFO - Stopping all webcam threads
2025-04-16 07:04:33,721 - multi_webcam_stream - INFO - All webcam resources released
2025-04-16 07:04:38,792 - multi_webcam_stream - INFO - Starting multi-webcam application
2025-04-16 07:04:38,792 - multi_webcam_stream - INFO - Initializing 1 webcams
2025-04-16 07:04:38,933 - multi_webcam_stream - INFO - Webcam 0 initialized successfully at 640x480
2025-04-16 07:04:38,934 - multi_webcam_stream - INFO - Starting capture loop for webcam 0
2025-04-16 07:04:38,934 - multi_webcam_stream - INFO - Started 1 capture threads and 0 reconnection threads
2025-04-16 07:04:39,126 - httpx - INFO - HTTP Request: GET http://127.0.0.1:7860/gradio_api/startup-events "HTTP/1.1 200 OK"
2025-04-16 07:04:39,138 - httpx - INFO - HTTP Request: HEAD http://127.0.0.1:7860/ "HTTP/1.1 200 OK"
2025-04-16 07:04:40,085 - httpx - INFO - HTTP Request: GET https://api.gradio.app/pkg-version "HTTP/1.1 200 OK"
2025-04-16 07:04:40,085 - httpx - INFO - HTTP Request: GET https://api.gradio.app/v3/tunnel-request "HTTP/1.1 200 OK"
2025-04-16 07:05:57,353 - multi_webcam_stream - INFO - Application stopped by user
2025-04-16 07:05:57,353 - multi_webcam_stream - INFO - Stopping all webcam threads
2025-04-16 07:05:57,412 - multi_webcam_stream - INFO - All webcam resources released
